<?xml version="1.0" encoding="UTF-8"?>
<coverage generated="1680024326138" clover="3.2.0">
  <project timestamp="1680024326138" name="All files">
    <metrics statements="15" coveredstatements="12" conditionals="10" coveredconditionals="8" methods="4" coveredmethods="3" elements="29" coveredelements="23" complexity="0" loc="15" ncloc="15" packages="1" files="1" classes="1"/>
    <file name="Roller.ts" path="/sandbox/src/Roller.ts">
      <metrics statements="15" coveredstatements="12" conditionals="10" coveredconditionals="8" methods="4" coveredmethods="3"/>
      <line num="1" count="1" type="stmt"/>
      <line num="10" count="4" type="stmt"/>
      <line num="11" count="4" type="stmt"/>
      <line num="12" count="4" type="cond" truecount="1" falsecount="1"/>
      <line num="13" count="0" type="stmt"/>
      <line num="17" count="4" type="stmt"/>
      <line num="33" count="4" type="cond" truecount="4" falsecount="0"/>
      <line num="34" count="1" type="stmt"/>
      <line num="36" count="3" type="stmt"/>
      <line num="37" count="3" type="cond" truecount="2" falsecount="0"/>
      <line num="38" count="3" type="stmt"/>
      <line num="45" count="2" type="cond" truecount="1" falsecount="1"/>
      <line num="46" count="0" type="stmt"/>
      <line num="48" count="2" type="stmt"/>
      <line num="58" count="0" type="stmt"/>
    </file>
  </project>
</coverage>
