{"/sandbox/src/Roller.ts": {"path":"/sandbox/src/Roller.ts","statementMap":{"0":{"start":{"line":10,"column":7},"end":{"line":10,"column":54}},"1":{"start":{"line":11,"column":1},"end":{"line":11,"column":16}},"2":{"start":{"line":12,"column":2},"end":{"line":18,"column":null}},"3":{"start":{"line":13,"column":8},"end":{"line":13,"column":24}},"4":{"start":{"line":17,"column":8},"end":{"line":17,"column":28}},"5":{"start":{"line":33,"column":3},"end":{"line":39,"column":null}},"6":{"start":{"line":34,"column":6},"end":{"line":34,"column":15}},"7":{"start":{"line":36,"column":6},"end":{"line":36,"column":25}},"8":{"start":{"line":37,"column":6},"end":{"line":37,"column":78}},"9":{"start":{"line":38,"column":6},"end":{"line":38,"column":19}},"10":{"start":{"line":45,"column":1},"end":{"line":49,"column":null}},"11":{"start":{"line":46,"column":4},"end":{"line":46,"column":13}},"12":{"start":{"line":48,"column":4},"end":{"line":48,"column":22}},"13":{"start":{"line":58,"column":8},"end":{"line":58,"column":34}},"14":{"start":{"line":1,"column":0},"end":{"line":1,"column":13}}},"fnMap":{"0":{"name":"(anonymous_0)","decl":{"start":{"line":9,"column":4},"end":{"line":9,"column":16}},"loc":{"start":{"line":9,"column":29},"end":{"line":19,"column":4}}},"1":{"name":"(anonymous_1)","decl":{"start":{"line":31,"column":4},"end":{"line":31,"column":8}},"loc":{"start":{"line":31,"column":22},"end":{"line":40,"column":5}}},"2":{"name":"(anonymous_2)","decl":{"start":{"line":44,"column":4},"end":{"line":44,"column":8}},"loc":{"start":{"line":44,"column":8},"end":{"line":50,"column":5}}},"3":{"name":"(anonymous_3)","decl":{"start":{"line":57,"column":4},"end":{"line":57,"column":16}},"loc":{"start":{"line":57,"column":16},"end":{"line":59,"column":5}}}},"branchMap":{"0":{"loc":{"start":{"line":12,"column":2},"end":{"line":18,"column":null}},"type":"if","locations":[{"start":{"line":12,"column":2},"end":{"line":18,"column":null}},{"start":{"line":16,"column":1},"end":{"line":18,"column":null}}]},"1":{"loc":{"start":{"line":33,"column":3},"end":{"line":39,"column":null}},"type":"if","locations":[{"start":{"line":33,"column":3},"end":{"line":39,"column":null}},{"start":{"line":35,"column":11},"end":{"line":39,"column":null}}]},"2":{"loc":{"start":{"line":33,"column":7},"end":{"line":33,"column":39}},"type":"binary-expr","locations":[{"start":{"line":33,"column":7},"end":{"line":33,"column":16}},{"start":{"line":33,"column":20},"end":{"line":33,"column":39}}]},"3":{"loc":{"start":{"line":37,"column":37},"end":{"line":37,"column":71}},"type":"binary-expr","locations":[{"start":{"line":37,"column":37},"end":{"line":37,"column":66}},{"start":{"line":37,"column":70},"end":{"line":37,"column":71}}]},"4":{"loc":{"start":{"line":45,"column":1},"end":{"line":49,"column":null}},"type":"if","locations":[{"start":{"line":45,"column":1},"end":{"line":49,"column":null}},{"start":{"line":47,"column":9},"end":{"line":49,"column":null}}]}},"s":{"0":4,"1":4,"2":4,"3":0,"4":4,"5":4,"6":1,"7":3,"8":3,"9":3,"10":2,"11":0,"12":2,"13":0,"14":1},"f":{"0":4,"1":4,"2":2,"3":0},"b":{"0":[0,4],"1":[1,3],"2":[4,3],"3":[3,3],"4":[0,2]}}
}
